<?xml version="1.0" encoding="UTF-8"?>
<testng-results skipped="0" failed="0" ignored="0" total="1" passed="1">
  <reporter-output>
  </reporter-output>
  <suite name="Default suite" duration-ms="9426" started-at="2018-02-28T10:07:36Z" finished-at="2018-02-28T10:07:45Z">
    <groups>
    </groups>
    <test name="Default test" duration-ms="9426" started-at="2018-02-28T10:07:36Z" finished-at="2018-02-28T10:07:45Z">
      <class name="loginn.Login">
        <test-method status="PASS" signature="f()[pri:0, instance:loginn.Login@224edc67]" name="f" duration-ms="9381" started-at="2018-02-28T10:07:36Z" finished-at="2018-02-28T10:07:45Z">
          <reporter-output>
          </reporter-output>
        </test-method> <!-- f -->
      </class> <!-- loginn.Login -->
    </test> <!-- Default test -->
  </suite> <!-- Default suite -->
</testng-results>
