<?xml version="1.0" encoding="UTF-8"?>
<testng-results skipped="0" failed="0" ignored="0" total="1" passed="1">
  <reporter-output>
  </reporter-output>
  <suite name="Default suite" duration-ms="323150" started-at="2018-03-01T14:24:02Z" finished-at="2018-03-01T14:29:25Z">
    <groups>
    </groups>
    <test name="Default test" duration-ms="323150" started-at="2018-03-01T14:24:02Z" finished-at="2018-03-01T14:29:25Z">
      <class name="loginn.Demo1">
        <test-method status="PASS" signature="f()[pri:0, instance:loginn.Demo1@72456279]" name="f" duration-ms="322659" started-at="2018-03-01T14:24:02Z" finished-at="2018-03-01T14:29:25Z">
          <reporter-output>
          </reporter-output>
        </test-method> <!-- f -->
      </class> <!-- loginn.Demo1 -->
    </test> <!-- Default test -->
  </suite> <!-- Default suite -->
</testng-results>
