<?xml version="1.0" encoding="UTF-8"?>
<testng-results skipped="0" failed="0" ignored="3" total="4" passed="1">
  <reporter-output>
  </reporter-output>
  <suite name="Suite" duration-ms="140" started-at="2018-03-06T11:49:20Z" finished-at="2018-03-06T11:49:21Z">
    <groups>
      <group name="Raja">
        <method signature="Vegetables.raj()[pri:0, instance:demo.Vegetables@47c62251]" name="raj" class="demo.Vegetables"/>
      </group> <!-- Raja -->
    </groups>
    <test name="Test" duration-ms="140" started-at="2018-03-06T11:49:20Z" finished-at="2018-03-06T11:49:21Z">
      <class name="demo.Vegetables">
        <test-method status="PASS" signature="raj()[pri:0, instance:demo.Vegetables@47c62251]" name="raj" duration-ms="16" started-at="2018-03-06T11:49:21Z" finished-at="2018-03-06T11:49:21Z">
          <reporter-output>
          </reporter-output>
        </test-method> <!-- raj -->
      </class> <!-- demo.Vegetables -->
    </test> <!-- Test -->
  </suite> <!-- Suite -->
</testng-results>
