<?xml version="1.0" encoding="UTF-8"?>
<!-- Generated by org.testng.reporters.JUnitXMLReporter -->
<testsuite hostname="User-PC" ignored="0" name="Default test" tests="4" failures="0" timestamp="06 Mar 2018 11:44:36 GMT" time="0.235" errors="0">
  <testcase name="Apple" time="0.031" classname="demo.Vegetables"/>
  <testcase name="Grapes" time="0.0" classname="demo.Vegetables"/>
  <testcase name="raj" time="0.0" classname="demo.Vegetables"/>
  <testcase name="tomato" time="0.031" classname="demo.Vegetables"/>
</testsuite> <!-- Default test -->
