<?xml version="1.0" encoding="UTF-8"?>
<!-- Generated by org.testng.reporters.JUnitXMLReporter -->
<testsuite hostname="User-PC" ignored="3" name="Test" tests="1" failures="0" timestamp="06 Mar 2018 11:49:21 GMT" time="0.14" errors="0">
  <testcase name="raj" time="0.016" classname="demo.Vegetables"/>
  <testcase name="Apple" time="0.0" classname="demo.Vegetables">
    <ignored/>
  </testcase> <!-- Apple -->
  <testcase name="tomato" time="0.0" classname="demo.Vegetables">
    <ignored/>
  </testcase> <!-- tomato -->
  <testcase name="Grapes" time="0.0" classname="demo.Vegetables">
    <ignored/>
  </testcase> <!-- Grapes -->
</testsuite> <!-- Test -->
