<?xml version="1.0" encoding="UTF-8"?>
<testng-results skipped="0" failed="0" ignored="0" total="2" passed="2">
  <reporter-output>
  </reporter-output>
  <suite name="Default suite" duration-ms="36003" started-at="2018-03-28T09:24:33Z" finished-at="2018-03-28T09:25:09Z">
    <groups>
    </groups>
    <test name="Default test" duration-ms="36003" started-at="2018-03-28T09:24:33Z" finished-at="2018-03-28T09:25:09Z">
      <class name="Programs.CallTest">
        <test-method status="PASS" signature="f()[pri:0, instance:Programs.CallTest@14acaea5]" name="f" duration-ms="28874" started-at="2018-03-28T09:24:33Z" finished-at="2018-03-28T09:25:02Z">
          <reporter-output>
          </reporter-output>
        </test-method> <!-- f -->
        <test-method status="PASS" signature="ss()[pri:1, instance:Programs.CallTest@14acaea5]" name="ss" duration-ms="7021" started-at="2018-03-28T09:25:02Z" finished-at="2018-03-28T09:25:09Z">
          <reporter-output>
          </reporter-output>
        </test-method> <!-- ss -->
      </class> <!-- Programs.CallTest -->
    </test> <!-- Default test -->
  </suite> <!-- Default suite -->
</testng-results>
